2026-04-27 13:44:41.770: [INFO] OnDoneLoading sync enabled: 0
2026-04-27 13:44:41.783: [INFO] RecordSyncInitDuration has_sync_been_enabled: 0 state: 0
2026-04-27 13:44:41.859: [INFO] VisibilityChanged: 0
2026-04-27 13:44:41.883: [INFO] RecordSyncInitDuration has_sync_been_enabled: 0 state: 0
2026-04-27 13:44:41.883: [INFO] RecordSyncInitDuration has_sync_been_enabled: 0 state: 0
2026-04-27 13:44:41.884: [INFO] RecordSyncInitDuration has_sync_been_enabled: 0 state: 0
2026-04-27 13:44:41.884: [INFO] RecordSyncInitDuration has_sync_been_enabled: 0 state: 0
2026-04-27 13:44:41.884: [INFO] RecordSyncInitDuration has_sync_been_enabled: 0 state: 0
2026-04-27 13:44:41.885: [INFO] RecordSyncInitDuration has_sync_been_enabled: 0 state: 0
2026-04-27 13:44:41.885: [INFO] RecordSyncInitDuration has_sync_been_enabled: 0 state: 0
2026-04-27 13:44:41.886: [INFO] RecordSyncInitDuration has_sync_been_enabled: 0 state: 0
2026-04-27 13:44:41.886: [INFO] RecordSyncInitDuration has_sync_been_enabled: 0 state: 0
2026-04-27 13:44:41.886: [INFO] RecordSyncInitDuration has_sync_been_enabled: 0 state: 0
2026-04-27 13:44:41.887: [INFO] RecordSyncInitDuration has_sync_been_enabled: 0 state: 0
2026-04-27 13:44:41.887: [INFO] RecordSyncInitDuration has_sync_been_enabled: 0 state: 0
2026-04-27 13:44:43.211: [INFO] RecordSyncInitDuration has_sync_been_enabled: 0 state: 0
2026-04-27 13:44:43.214: [INFO] RecordSyncInitDuration has_sync_been_enabled: 0 state: 0
2026-04-27 13:44:43.216: [INFO] Primary account changed.
2026-04-27 13:44:43.216: [INFO] OnPrimaryAccountChanged PrimaryAccountChangeEvent::Type::kSet
2026-04-27 13:44:43.220: [INFO] RecordSyncInitDuration has_sync_been_enabled: 0 state: 0
2026-04-27 13:44:43.221: [INFO] RecordSyncInitDuration has_sync_been_enabled: 0 state: 0
